<?xml version="1.0" encoding="UTF-8"?>
<!-- Generated by org.testng.reporters.JUnitReportReporter -->
<testsuite hostname="LAPTOP-HA74NOBF" failures="0" tests="4" name="com.parametrized.DataDriven" time="23.484" errors="0" timestamp="2023-10-16T17:53:58 IST" skipped="0">
  <testcase classname="com.parametrized.DataDriven" name="loginTest" time="3.908"/>
  <system-out/>
  <testcase classname="com.parametrized.DataDriven" name="loginTest" time="4.147"/>
  <system-out/>
  <testcase classname="com.parametrized.DataDriven" name="loginTest" time="11.733"/>
  <system-out/>
  <testcase classname="com.parametrized.DataDriven" name="loginTest" time="3.696"/>
  <system-out/>
</testsuite> <!-- com.parametrized.DataDriven -->
